<?xml version="1.0" encoding="UTF-8"?>
<!-- Generated by org.testng.reporters.JUnitReportReporter -->
<testsuite hostname="Abinash" failures="0" tests="1" name="com.actitime.test.ActitimeLoginLogout" time="13.706" errors="0" timestamp="07 Jan 2023 02:22:27 GMT" skipped="0">
  <testcase classname="com.actitime.test.ActitimeLoginLogout" name="loginlogout" time="13.706"/>
</testsuite> <!-- com.actitime.test.ActitimeLoginLogout -->
