<?xml version="1.0" encoding="UTF-8"?>
<!-- Generated by org.testng.reporters.JUnitReportReporter -->
<testsuite hostname="Abinash" failures="0" tests="1" name="com.actitime.test.ActitimeLoginLogoutExtentReport" time="18.063" errors="0" timestamp="04 Jan 2023 16:17:47 GMT" skipped="0">
  <testcase classname="com.actitime.test.ActitimeLoginLogoutExtentReport" name="actitimeloginlogoutEXRepo" time="18.063"/>
</testsuite> <!-- com.actitime.test.ActitimeLoginLogoutExtentReport -->
