<?xml version="1.0" encoding="UTF-8"?>
<!-- Generated by org.testng.reporters.JUnitReportReporter -->
<testsuite hostname="Abinash" failures="0" tests="1" name="sparkReportExtentReport.TestClass" time="7.351" errors="0" timestamp="09 Jan 2023 03:24:47 GMT" skipped="0">
  <testcase classname="sparkReportExtentReport.TestClass" name="testCase" time="7.351"/>
</testsuite> <!-- sparkReportExtentReport.TestClass -->
